<?xml version="1.0" encoding="UTF-8"?>
<!-- Generated by org.testng.reporters.JUnitXMLReporter -->
<testsuite hostname="DESKTOP-LAQ1V6H" ignored="0" name="FacebookLoginTestFireFox" tests="1" failures="1" timestamp="08 Apr 2021 18:00:15 GMT" time="9.168" errors="0">
  <testcase name="invalidLoginTest" time="1.219" classname="com.digitalcompass.testCases.DCom_TC_003">
    <failure type="java.lang.AssertionError" message="expected [true] but found [false]">
      <![CDATA[java.lang.AssertionError: expected [true] but found [false]
at com.digitalcompass.testCases.DCom_TC_003.invalidLoginTest(DCom_TC_003.java:25)
... Removed 29 stack frames]]>
    </failure>
  </testcase> <!-- invalidLoginTest -->
</testsuite> <!-- FacebookLoginTestFireFox -->
